2026-04-02 11:26:30,814 [INFO] mst.data_manager - logger initialized, file=C:\Users\22954\OneDrive\桌面\SUAN\MST\data_manager.log
2026-04-02 11:26:44,056 [INFO] mst.data_manager - DataManager.list_serial_ports ports=['COM3', 'COM6', 'COM5']
2026-04-02 11:26:44,544 [INFO] mst.data_manager - DataManager.use_h5_replay path=C:/Users/22954/OneDrive/桌面/experiment.h5 interval_ms=30
2026-04-02 11:26:44,544 [INFO] mst.data_manager - DataManager._set_source source=H5ReplayDataSource
2026-04-02 11:26:44,544 [INFO] mst.data_manager - DataManager.start source=H5ReplayDataSource
2026-04-02 11:26:44,544 [INFO] mst.data_manager - H5ReplayDataSource.start path=C:/Users/22954/OneDrive/桌面/experiment.h5 interval_ms=30
2026-04-02 11:26:44,544 [INFO] mst.data_manager - H5ReplayDataSource.stop active_timer=false
2026-04-02 11:26:44,544 [INFO] mst.data_manager - H5ReplayDataSource._build_samples path=C:/Users/22954/OneDrive/桌面/experiment.h5
2026-04-02 11:26:44,559 [INFO] mst.data_manager - H5ReplayDataSource samples built: t_points=345 channels=16 total_samples=5535
2026-04-02 11:26:44,908 [INFO] mst.data_manager - H5ReplayDataSource.tick tick=1 emitted=32 cursor=32/5535
2026-04-02 11:26:45,171 [INFO] mst.data_manager - H5ReplayDataSource.tick tick=2 emitted=32 cursor=64/5535
2026-04-02 11:26:45,413 [INFO] mst.data_manager - H5ReplayDataSource.tick tick=3 emitted=32 cursor=96/5535
2026-04-02 11:26:45,599 [INFO] mst.data_manager - H5ReplayDataSource.tick tick=4 emitted=32 cursor=128/5535
2026-04-02 11:26:46,102 [INFO] mst.data_manager - H5ReplayDataSource.tick tick=5 emitted=32 cursor=160/5535
2026-04-02 11:26:49,325 [INFO] mst.data_manager - H5ReplayDataSource.tick tick=20 emitted=32 cursor=640/5535
2026-04-02 11:26:53,345 [INFO] mst.data_manager - H5ReplayDataSource.tick tick=40 emitted=32 cursor=1280/5535
2026-04-02 11:26:57,393 [INFO] mst.data_manager - H5ReplayDataSource.tick tick=60 emitted=32 cursor=1920/5535
2026-04-02 11:27:01,892 [INFO] mst.data_manager - H5ReplayDataSource.tick tick=80 emitted=32 cursor=2560/5535
2026-04-02 11:27:06,009 [INFO] mst.data_manager - H5ReplayDataSource.tick tick=100 emitted=32 cursor=3200/5535
2026-04-02 11:27:15,007 [INFO] mst.data_manager - H5ReplayDataSource.tick tick=120 emitted=32 cursor=3840/5535
2026-04-02 11:27:16,658 [INFO] mst.data_manager - DataManager.stop source=H5ReplayDataSource
2026-04-02 11:27:16,658 [INFO] mst.data_manager - H5ReplayDataSource.stop active_timer=true cursor=4064
2026-04-02 11:27:17,158 [INFO] mst.data_manager - DataManager.use_realtime_serial port=COM3 baudrate=115200
2026-04-02 11:27:17,158 [INFO] mst.data_manager - DataManager.stop source=H5ReplayDataSource
2026-04-02 11:27:17,158 [INFO] mst.data_manager - H5ReplayDataSource.stop active_timer=false
2026-04-02 11:27:17,158 [INFO] mst.data_manager - DataManager._set_source source=SerialRealtimeDataSource
2026-04-02 11:27:17,158 [INFO] mst.data_manager - DataManager.start source=SerialRealtimeDataSource
2026-04-02 11:27:17,159 [INFO] mst.data_manager - SerialRealtimeDataSource.start port=COM3 baudrate=115200
2026-04-02 11:27:17,159 [INFO] mst.data_manager - SerialRealtimeDataSource.stop ignored: no worker
2026-04-02 11:32:10,773 [INFO] mst.data_manager - DataManager.stop source=SerialRealtimeDataSource
2026-04-02 11:32:10,773 [INFO] mst.data_manager - SerialRealtimeDataSource.stop
2026-04-02 11:32:10,811 [INFO] mst.data_manager - SerialRealtimeDataSource.finished
2026-04-02 11:32:20,734 [INFO] mst.data_manager - DataManager.use_h5_replay path=C:/Users/22954/OneDrive/桌面/experiment.h5 interval_ms=30
2026-04-02 11:32:20,735 [INFO] mst.data_manager - DataManager.stop source=SerialRealtimeDataSource
2026-04-02 11:32:20,735 [INFO] mst.data_manager - SerialRealtimeDataSource.stop ignored: no worker
2026-04-02 11:32:20,735 [INFO] mst.data_manager - DataManager._set_source source=H5ReplayDataSource
2026-04-02 11:32:20,735 [INFO] mst.data_manager - DataManager.start source=H5ReplayDataSource
2026-04-02 11:32:20,735 [INFO] mst.data_manager - H5ReplayDataSource.start path=C:/Users/22954/OneDrive/桌面/experiment.h5 interval_ms=30
2026-04-02 11:32:20,735 [INFO] mst.data_manager - H5ReplayDataSource.stop active_timer=false
2026-04-02 11:32:20,735 [INFO] mst.data_manager - H5ReplayDataSource._build_samples path=C:/Users/22954/OneDrive/桌面/experiment.h5
2026-04-02 11:32:20,750 [INFO] mst.data_manager - H5ReplayDataSource samples built: t_points=456 channels=16 total_samples=7304
2026-04-02 11:32:20,776 [INFO] mst.data_manager - H5ReplayDataSource.tick tick=1 emitted=32 cursor=32/7304
2026-04-02 11:32:20,806 [INFO] mst.data_manager - H5ReplayDataSource.tick tick=2 emitted=32 cursor=64/7304
2026-04-02 11:32:20,889 [INFO] mst.data_manager - H5ReplayDataSource.tick tick=3 emitted=32 cursor=96/7304
2026-04-02 11:32:21,055 [INFO] mst.data_manager - H5ReplayDataSource.tick tick=4 emitted=32 cursor=128/7304
2026-04-02 11:32:21,297 [INFO] mst.data_manager - H5ReplayDataSource.tick tick=5 emitted=32 cursor=160/7304
2026-04-02 11:32:24,390 [INFO] mst.data_manager - H5ReplayDataSource.tick tick=20 emitted=32 cursor=640/7304
2026-04-02 11:32:28,360 [INFO] mst.data_manager - H5ReplayDataSource.tick tick=40 emitted=32 cursor=1280/7304
2026-04-02 11:32:32,385 [INFO] mst.data_manager - H5ReplayDataSource.tick tick=60 emitted=32 cursor=1920/7304
2026-04-02 11:32:36,524 [INFO] mst.data_manager - H5ReplayDataSource.tick tick=80 emitted=32 cursor=2560/7304
2026-04-02 11:32:47,126 [INFO] mst.data_manager - H5ReplayDataSource.tick tick=100 emitted=32 cursor=3200/7304
2026-04-02 11:33:02,460 [INFO] mst.data_manager - H5ReplayDataSource.tick tick=120 emitted=32 cursor=3840/7304
2026-04-02 11:33:18,136 [INFO] mst.data_manager - H5ReplayDataSource.tick tick=140 emitted=32 cursor=4480/7304
2026-04-02 11:33:43,536 [INFO] mst.data_manager - H5ReplayDataSource.tick tick=160 emitted=32 cursor=5120/7304
2026-04-02 11:34:00,547 [INFO] mst.data_manager - H5ReplayDataSource.tick tick=180 emitted=32 cursor=5760/7304
2026-04-02 11:34:24,748 [INFO] mst.data_manager - H5ReplayDataSource.tick tick=200 emitted=32 cursor=6400/7304
2026-04-02 11:34:41,471 [INFO] mst.data_manager - H5ReplayDataSource.tick tick=220 emitted=32 cursor=7040/7304
2026-04-02 11:34:50,231 [INFO] mst.data_manager - H5ReplayDataSource.replay_completed total=7304
2026-04-02 11:39:11,366 [INFO] mst.data_manager - logger initialized, file=C:\Users\22954\OneDrive\桌面\SUAN\MST\data_manager.log
2026-04-02 11:39:26,682 [INFO] mst.data_manager - DataManager.list_serial_ports ports=['COM3', 'COM6', 'COM5']
2026-04-02 11:39:27,193 [INFO] mst.data_manager - DataManager.use_h5_replay path=C:/Users/22954/OneDrive/桌面/experiment.h5 interval_ms=30
2026-04-02 11:39:27,193 [INFO] mst.data_manager - DataManager._set_source source=H5ReplayDataSource
2026-04-02 11:39:27,193 [INFO] mst.data_manager - DataManager.start source=H5ReplayDataSource
2026-04-02 11:39:27,193 [INFO] mst.data_manager - H5ReplayDataSource.start path=C:/Users/22954/OneDrive/桌面/experiment.h5 interval_ms=30
2026-04-02 11:39:27,193 [INFO] mst.data_manager - H5ReplayDataSource.stop active_timer=false
2026-04-02 11:39:27,193 [INFO] mst.data_manager - H5ReplayDataSource._build_samples path=C:/Users/22954/OneDrive/桌面/experiment.h5
2026-04-02 11:39:27,208 [INFO] mst.data_manager - H5ReplayDataSource samples built: t_points=456 channels=16 total_samples=7304
2026-04-02 11:39:27,568 [INFO] mst.data_manager - H5ReplayDataSource.tick tick=1 emitted=32 cursor=32/7304
2026-04-02 11:39:27,824 [INFO] mst.data_manager - H5ReplayDataSource.tick tick=2 emitted=32 cursor=64/7304
2026-04-02 11:39:28,073 [INFO] mst.data_manager - H5ReplayDataSource.tick tick=3 emitted=32 cursor=96/7304
2026-04-02 11:39:28,244 [INFO] mst.data_manager - H5ReplayDataSource.tick tick=4 emitted=32 cursor=128/7304
2026-04-02 11:39:28,692 [INFO] mst.data_manager - H5ReplayDataSource.tick tick=5 emitted=32 cursor=160/7304
2026-04-02 11:39:31,919 [INFO] mst.data_manager - H5ReplayDataSource.tick tick=20 emitted=32 cursor=640/7304
2026-04-02 11:39:36,009 [INFO] mst.data_manager - H5ReplayDataSource.tick tick=40 emitted=32 cursor=1280/7304
2026-04-02 11:39:39,985 [INFO] mst.data_manager - H5ReplayDataSource.tick tick=60 emitted=32 cursor=1920/7304
2026-04-02 11:39:45,016 [INFO] mst.data_manager - H5ReplayDataSource.tick tick=80 emitted=32 cursor=2560/7304
2026-04-02 11:39:50,320 [INFO] mst.data_manager - H5ReplayDataSource.tick tick=100 emitted=32 cursor=3200/7304
2026-04-02 11:39:55,632 [INFO] mst.data_manager - H5ReplayDataSource.tick tick=120 emitted=32 cursor=3840/7304
2026-04-02 11:39:56,419 [INFO] mst.data_manager - DataManager.stop source=H5ReplayDataSource
2026-04-02 11:39:56,420 [INFO] mst.data_manager - H5ReplayDataSource.stop active_timer=true cursor=3936
2026-04-02 12:44:16,005 [INFO] mst.data_manager - logger initialized, file=C:\Users\22954\OneDrive\桌面\SUAN\MST\data_manager.log
2026-04-02 12:44:26,330 [INFO] mst.data_manager - DataManager.list_serial_ports ports=['COM3', 'COM6', 'COM5']
2026-04-02 12:44:26,793 [INFO] mst.data_manager - DataManager.use_h5_replay path=C:/Users/22954/OneDrive/桌面/experiment.h5 interval_ms=30
2026-04-02 12:44:26,793 [INFO] mst.data_manager - DataManager._set_source source=H5ReplayDataSource
2026-04-02 12:44:26,794 [INFO] mst.data_manager - DataManager.start source=H5ReplayDataSource
2026-04-02 12:44:26,794 [INFO] mst.data_manager - H5ReplayDataSource.start path=C:/Users/22954/OneDrive/桌面/experiment.h5 interval_ms=30
2026-04-02 12:44:26,794 [INFO] mst.data_manager - H5ReplayDataSource.stop active_timer=false
2026-04-02 12:44:26,794 [INFO] mst.data_manager - H5ReplayDataSource._build_samples path=C:/Users/22954/OneDrive/桌面/experiment.h5
2026-04-02 12:44:26,811 [INFO] mst.data_manager - H5ReplayDataSource samples built: t_points=456 channels=16 total_samples=7304
2026-04-02 12:44:27,181 [INFO] mst.data_manager - H5ReplayDataSource.tick tick=1 emitted=32 cursor=32/7304
2026-04-02 12:44:27,432 [INFO] mst.data_manager - H5ReplayDataSource.tick tick=2 emitted=32 cursor=64/7304
2026-04-02 12:44:27,626 [INFO] mst.data_manager - H5ReplayDataSource.tick tick=3 emitted=32 cursor=96/7304
2026-04-02 12:44:27,842 [INFO] mst.data_manager - H5ReplayDataSource.tick tick=4 emitted=32 cursor=128/7304
2026-04-02 12:44:28,302 [INFO] mst.data_manager - H5ReplayDataSource.tick tick=5 emitted=32 cursor=160/7304
2026-04-02 12:44:31,379 [INFO] mst.data_manager - DataManager.stop source=H5ReplayDataSource
2026-04-02 12:44:31,379 [INFO] mst.data_manager - H5ReplayDataSource.stop active_timer=true cursor=576
2026-04-02 12:44:32,074 [INFO] mst.data_manager - DataManager.use_realtime_serial port=COM3 baudrate=115200
2026-04-02 12:44:32,074 [INFO] mst.data_manager - DataManager.stop source=H5ReplayDataSource
2026-04-02 12:44:32,074 [INFO] mst.data_manager - H5ReplayDataSource.stop active_timer=false
2026-04-02 12:44:32,075 [INFO] mst.data_manager - DataManager._set_source source=SerialRealtimeDataSource
2026-04-02 12:44:32,075 [INFO] mst.data_manager - DataManager.start source=SerialRealtimeDataSource
2026-04-02 12:44:32,075 [INFO] mst.data_manager - SerialRealtimeDataSource.start port=COM3 baudrate=115200
2026-04-02 12:44:32,075 [INFO] mst.data_manager - SerialRealtimeDataSource.stop ignored: no worker
2026-04-02 12:48:53,650 [INFO] mst.data_manager - DataManager.pause source=SerialRealtimeDataSource
2026-04-02 12:48:53,650 [INFO] mst.data_manager - SerialRealtimeDataSource.pause
2026-04-02 12:48:55,605 [INFO] mst.data_manager - DataManager.stop source=SerialRealtimeDataSource
2026-04-02 12:48:55,605 [INFO] mst.data_manager - SerialRealtimeDataSource.stop
2026-04-02 12:48:55,612 [INFO] mst.data_manager - SerialRealtimeDataSource.finished
2026-04-02 12:49:02,664 [INFO] mst.data_manager - DataManager.use_h5_replay path=C:/Users/22954/OneDrive/桌面/experiment.h5 interval_ms=30
2026-04-02 12:49:02,664 [INFO] mst.data_manager - DataManager.stop source=SerialRealtimeDataSource
2026-04-02 12:49:02,664 [INFO] mst.data_manager - SerialRealtimeDataSource.stop ignored: no worker
2026-04-02 12:49:02,665 [INFO] mst.data_manager - DataManager._set_source source=H5ReplayDataSource
2026-04-02 12:49:02,665 [INFO] mst.data_manager - DataManager.start source=H5ReplayDataSource
2026-04-02 12:49:02,665 [INFO] mst.data_manager - H5ReplayDataSource.start path=C:/Users/22954/OneDrive/桌面/experiment.h5 interval_ms=30
2026-04-02 12:49:02,665 [INFO] mst.data_manager - H5ReplayDataSource.stop active_timer=false
2026-04-02 12:49:02,665 [INFO] mst.data_manager - H5ReplayDataSource._build_samples path=C:/Users/22954/OneDrive/桌面/experiment.h5
2026-04-02 12:49:02,689 [INFO] mst.data_manager - H5ReplayDataSource samples built: t_points=368 channels=16 total_samples=5898
2026-04-02 12:49:02,716 [INFO] mst.data_manager - H5ReplayDataSource.tick tick=1 emitted=32 cursor=32/5898
2026-04-02 12:49:02,739 [INFO] mst.data_manager - H5ReplayDataSource.tick tick=2 emitted=32 cursor=64/5898
2026-04-02 12:49:02,817 [INFO] mst.data_manager - H5ReplayDataSource.tick tick=3 emitted=32 cursor=96/5898
2026-04-02 12:49:03,073 [INFO] mst.data_manager - H5ReplayDataSource.tick tick=4 emitted=32 cursor=128/5898
2026-04-02 12:49:03,343 [INFO] mst.data_manager - H5ReplayDataSource.tick tick=5 emitted=32 cursor=160/5898
2026-04-02 12:49:06,627 [INFO] mst.data_manager - H5ReplayDataSource.tick tick=20 emitted=32 cursor=640/5898
2026-04-02 12:49:11,046 [INFO] mst.data_manager - H5ReplayDataSource.tick tick=40 emitted=32 cursor=1280/5898
2026-04-02 12:49:16,121 [INFO] mst.data_manager - H5ReplayDataSource.tick tick=60 emitted=32 cursor=1920/5898
2026-04-02 12:49:21,295 [INFO] mst.data_manager - H5ReplayDataSource.tick tick=80 emitted=32 cursor=2560/5898
2026-04-02 12:49:26,995 [INFO] mst.data_manager - H5ReplayDataSource.tick tick=100 emitted=32 cursor=3200/5898
2026-04-02 12:49:32,140 [INFO] mst.data_manager - H5ReplayDataSource.tick tick=120 emitted=32 cursor=3840/5898
2026-04-02 12:49:38,167 [INFO] mst.data_manager - H5ReplayDataSource.tick tick=140 emitted=32 cursor=4480/5898
2026-04-02 12:49:43,482 [INFO] mst.data_manager - H5ReplayDataSource.tick tick=160 emitted=32 cursor=5120/5898
2026-04-02 12:49:48,955 [INFO] mst.data_manager - H5ReplayDataSource.tick tick=180 emitted=32 cursor=5760/5898
2026-04-02 12:49:51,326 [INFO] mst.data_manager - H5ReplayDataSource.replay_completed total=5898
2026-04-02 12:55:31,034 [INFO] mst.data_manager - DataManager.use_realtime_serial port=COM3 baudrate=115200
2026-04-02 12:55:31,034 [INFO] mst.data_manager - DataManager.stop source=H5ReplayDataSource
2026-04-02 12:55:31,034 [INFO] mst.data_manager - H5ReplayDataSource.stop active_timer=false
2026-04-02 12:55:31,034 [INFO] mst.data_manager - DataManager._set_source source=SerialRealtimeDataSource
2026-04-02 12:55:31,039 [INFO] mst.data_manager - DataManager.start source=SerialRealtimeDataSource
2026-04-02 12:55:31,039 [INFO] mst.data_manager - SerialRealtimeDataSource.start port=COM3 baudrate=115200
2026-04-02 12:55:31,039 [INFO] mst.data_manager - SerialRealtimeDataSource.stop ignored: no worker
2026-04-02 13:07:15,440 [INFO] mst.data_manager - DataManager.pause source=SerialRealtimeDataSource
2026-04-02 13:07:15,440 [INFO] mst.data_manager - SerialRealtimeDataSource.pause
2026-04-02 13:07:29,606 [INFO] mst.data_manager - DataManager.stop source=SerialRealtimeDataSource
2026-04-02 13:07:29,607 [INFO] mst.data_manager - SerialRealtimeDataSource.stop
2026-04-02 13:07:29,639 [INFO] mst.data_manager - SerialRealtimeDataSource.finished
2026-04-02 13:07:43,584 [INFO] mst.data_manager - DataManager.use_h5_replay path=C:/Users/22954/OneDrive/桌面/experiment.h5 interval_ms=30
2026-04-02 13:07:43,584 [INFO] mst.data_manager - DataManager.stop source=SerialRealtimeDataSource
2026-04-02 13:07:43,584 [INFO] mst.data_manager - SerialRealtimeDataSource.stop ignored: no worker
2026-04-02 13:07:43,584 [INFO] mst.data_manager - DataManager._set_source source=H5ReplayDataSource
2026-04-02 13:07:43,584 [INFO] mst.data_manager - DataManager.start source=H5ReplayDataSource
2026-04-02 13:07:43,584 [INFO] mst.data_manager - H5ReplayDataSource.start path=C:/Users/22954/OneDrive/桌面/experiment.h5 interval_ms=30
2026-04-02 13:07:43,584 [INFO] mst.data_manager - H5ReplayDataSource.stop active_timer=false
2026-04-02 13:07:43,585 [INFO] mst.data_manager - H5ReplayDataSource._build_samples path=C:/Users/22954/OneDrive/桌面/experiment.h5
2026-04-02 13:07:43,699 [INFO] mst.data_manager - H5ReplayDataSource samples built: t_points=1696 channels=16 total_samples=27149
2026-04-02 13:07:43,727 [INFO] mst.data_manager - H5ReplayDataSource.tick tick=1 emitted=32 cursor=32/27149
2026-04-02 13:07:43,764 [INFO] mst.data_manager - H5ReplayDataSource.tick tick=2 emitted=32 cursor=64/27149
2026-04-02 13:07:43,837 [INFO] mst.data_manager - H5ReplayDataSource.tick tick=3 emitted=32 cursor=96/27149
2026-04-02 13:07:44,019 [INFO] mst.data_manager - H5ReplayDataSource.tick tick=4 emitted=32 cursor=128/27149
2026-04-02 13:07:44,283 [INFO] mst.data_manager - H5ReplayDataSource.tick tick=5 emitted=32 cursor=160/27149
2026-04-02 13:07:47,557 [INFO] mst.data_manager - H5ReplayDataSource.tick tick=20 emitted=32 cursor=640/27149
2026-04-02 13:07:51,887 [INFO] mst.data_manager - H5ReplayDataSource.tick tick=40 emitted=32 cursor=1280/27149
2026-04-02 13:07:56,168 [INFO] mst.data_manager - H5ReplayDataSource.tick tick=60 emitted=32 cursor=1920/27149
2026-04-02 13:07:57,950 [INFO] mst.data_manager - DataManager.stop source=H5ReplayDataSource
2026-04-02 13:07:57,950 [INFO] mst.data_manager - H5ReplayDataSource.stop active_timer=true cursor=2144
2026-04-02 14:31:18,604 [INFO] mst.data_manager - logger initialized, file=C:\Users\22954\OneDrive\桌面\SUAN\MST\data_manager.log
2026-04-02 14:31:47,732 [INFO] mst.data_manager - DataManager.list_serial_ports ports=['COM3', 'COM6', 'COM5']
2026-04-02 14:31:48,304 [INFO] mst.data_manager - DataManager.use_h5_replay path=C:/Users/22954/OneDrive/桌面/experiment.h5 interval_ms=30
2026-04-02 14:31:48,304 [INFO] mst.data_manager - DataManager._set_source source=H5ReplayDataSource
2026-04-02 14:31:48,304 [INFO] mst.data_manager - DataManager.start source=H5ReplayDataSource
2026-04-02 14:31:48,304 [INFO] mst.data_manager - H5ReplayDataSource.start path=C:/Users/22954/OneDrive/桌面/experiment.h5 interval_ms=30
2026-04-02 14:31:48,304 [INFO] mst.data_manager - H5ReplayDataSource.stop active_timer=false
2026-04-02 14:31:48,304 [INFO] mst.data_manager - H5ReplayDataSource._build_samples path=C:/Users/22954/OneDrive/桌面/experiment.h5
2026-04-02 14:31:48,369 [INFO] mst.data_manager - H5ReplayDataSource samples built: t_points=1696 channels=16 total_samples=29373
2026-04-02 14:31:48,792 [INFO] mst.data_manager - H5ReplayDataSource.tick tick=1 emitted=32 cursor=32/29373
2026-04-02 14:31:49,046 [INFO] mst.data_manager - H5ReplayDataSource.tick tick=2 emitted=32 cursor=64/29373
2026-04-02 14:31:49,251 [INFO] mst.data_manager - H5ReplayDataSource.tick tick=3 emitted=32 cursor=96/29373
2026-04-02 14:31:49,763 [INFO] mst.data_manager - H5ReplayDataSource.tick tick=4 emitted=32 cursor=128/29373
2026-04-02 14:31:50,197 [INFO] mst.data_manager - H5ReplayDataSource.tick tick=5 emitted=32 cursor=160/29373
2026-04-02 14:31:53,534 [INFO] mst.data_manager - H5ReplayDataSource.tick tick=20 emitted=32 cursor=640/29373
2026-04-02 14:31:57,826 [INFO] mst.data_manager - H5ReplayDataSource.tick tick=40 emitted=32 cursor=1280/29373
2026-04-02 14:32:02,070 [INFO] mst.data_manager - H5ReplayDataSource.tick tick=60 emitted=32 cursor=1920/29373
2026-04-02 14:32:06,558 [INFO] mst.data_manager - H5ReplayDataSource.tick tick=80 emitted=32 cursor=2560/29373
2026-04-02 14:32:10,908 [INFO] mst.data_manager - H5ReplayDataSource.tick tick=100 emitted=32 cursor=3200/29373
2026-04-02 14:32:15,202 [INFO] mst.data_manager - H5ReplayDataSource.tick tick=120 emitted=32 cursor=3840/29373
2026-04-02 14:32:20,829 [INFO] mst.data_manager - H5ReplayDataSource.tick tick=140 emitted=32 cursor=4480/29373
2026-04-02 14:32:25,781 [INFO] mst.data_manager - H5ReplayDataSource.tick tick=160 emitted=32 cursor=5120/29373
2026-04-02 14:32:26,803 [INFO] mst.data_manager - DataManager.use_h5_replay path=C:/Users/22954/OneDrive/桌面/experiment.h5 interval_ms=30
2026-04-02 14:32:26,803 [INFO] mst.data_manager - DataManager.stop source=H5ReplayDataSource
2026-04-02 14:32:26,803 [INFO] mst.data_manager - H5ReplayDataSource.stop active_timer=true cursor=5248
2026-04-02 14:32:26,805 [INFO] mst.data_manager - DataManager._set_source source=H5ReplayDataSource
2026-04-02 14:32:26,805 [INFO] mst.data_manager - DataManager.start source=H5ReplayDataSource
2026-04-02 14:32:26,805 [INFO] mst.data_manager - H5ReplayDataSource.start path=C:/Users/22954/OneDrive/桌面/experiment.h5 interval_ms=30
2026-04-02 14:32:26,805 [INFO] mst.data_manager - H5ReplayDataSource.stop active_timer=false
2026-04-02 14:32:26,805 [INFO] mst.data_manager - H5ReplayDataSource._build_samples path=C:/Users/22954/OneDrive/桌面/experiment.h5
2026-04-02 14:32:26,820 [INFO] mst.data_manager - H5ReplayDataSource samples built: t_points=114 channels=16 total_samples=4064
2026-04-02 14:32:26,851 [INFO] mst.data_manager - H5ReplayDataSource.tick tick=1 emitted=32 cursor=32/4064
2026-04-02 14:32:26,887 [INFO] mst.data_manager - H5ReplayDataSource.tick tick=2 emitted=32 cursor=64/4064
2026-04-02 14:32:26,968 [INFO] mst.data_manager - H5ReplayDataSource.tick tick=3 emitted=32 cursor=96/4064
2026-04-02 14:32:27,150 [INFO] mst.data_manager - H5ReplayDataSource.tick tick=4 emitted=32 cursor=128/4064
2026-04-02 14:32:27,435 [INFO] mst.data_manager - H5ReplayDataSource.tick tick=5 emitted=32 cursor=160/4064
2026-04-02 14:32:30,297 [INFO] mst.data_manager - DataManager.stop source=H5ReplayDataSource
2026-04-02 14:32:30,297 [INFO] mst.data_manager - H5ReplayDataSource.stop active_timer=true cursor=544
2026-04-02 15:21:10,920 [INFO] mst.data_manager - logger initialized, file=C:\Users\22954\OneDrive\桌面\SUAN\MST\data_manager.log
2026-04-02 15:21:21,155 [INFO] mst.data_manager - DataManager.list_serial_ports ports=['COM3', 'COM6', 'COM5']
2026-04-02 15:21:21,858 [INFO] mst.data_manager - DataManager.use_h5_replay path=C:/Users/22954/OneDrive/桌面/experiment.h5 interval_ms=30
2026-04-02 15:21:21,858 [INFO] mst.data_manager - DataManager._set_source source=H5ReplayDataSource
2026-04-02 15:21:21,858 [INFO] mst.data_manager - DataManager.start source=H5ReplayDataSource
2026-04-02 15:21:21,858 [INFO] mst.data_manager - H5ReplayDataSource.start path=C:/Users/22954/OneDrive/桌面/experiment.h5 interval_ms=30
2026-04-02 15:21:21,858 [INFO] mst.data_manager - H5ReplayDataSource.stop active_timer=false
2026-04-02 15:21:21,858 [INFO] mst.data_manager - H5ReplayDataSource._build_samples path=C:/Users/22954/OneDrive/桌面/experiment.h5
2026-04-02 15:21:21,872 [INFO] mst.data_manager - H5ReplayDataSource samples built: t_points=114 channels=16 total_samples=4064
2026-04-02 15:21:22,264 [INFO] mst.data_manager - H5ReplayDataSource.tick tick=1 emitted=32 cursor=32/4064
2026-04-02 15:21:22,606 [INFO] mst.data_manager - H5ReplayDataSource.tick tick=2 emitted=32 cursor=64/4064
2026-04-02 15:21:23,197 [INFO] mst.data_manager - H5ReplayDataSource.tick tick=3 emitted=32 cursor=96/4064
2026-04-02 15:21:23,552 [INFO] mst.data_manager - H5ReplayDataSource.tick tick=4 emitted=32 cursor=128/4064
2026-04-02 15:21:23,820 [INFO] mst.data_manager - H5ReplayDataSource.tick tick=5 emitted=32 cursor=160/4064
2026-04-02 15:21:27,113 [INFO] mst.data_manager - H5ReplayDataSource.tick tick=20 emitted=32 cursor=640/4064
2026-04-02 15:21:31,253 [INFO] mst.data_manager - H5ReplayDataSource.tick tick=40 emitted=32 cursor=1280/4064
2026-04-02 15:21:35,439 [INFO] mst.data_manager - H5ReplayDataSource.tick tick=60 emitted=32 cursor=1920/4064
2026-04-02 15:21:39,594 [INFO] mst.data_manager - H5ReplayDataSource.tick tick=80 emitted=32 cursor=2560/4064
2026-04-02 15:21:43,600 [INFO] mst.data_manager - H5ReplayDataSource.tick tick=100 emitted=32 cursor=3200/4064
2026-04-02 15:21:47,701 [INFO] mst.data_manager - H5ReplayDataSource.tick tick=120 emitted=32 cursor=3840/4064
2026-04-02 15:21:49,328 [INFO] mst.data_manager - H5ReplayDataSource.replay_completed total=4064
2026-04-02 15:22:38,237 [INFO] mst.data_manager - DataManager.use_h5_replay path=C:/Users/22954/OneDrive/桌面/experiment.h5 interval_ms=30
2026-04-02 15:22:38,237 [INFO] mst.data_manager - DataManager.stop source=H5ReplayDataSource
2026-04-02 15:22:38,237 [INFO] mst.data_manager - H5ReplayDataSource.stop active_timer=false
2026-04-02 15:22:38,237 [INFO] mst.data_manager - DataManager._set_source source=H5ReplayDataSource
2026-04-02 15:22:38,237 [INFO] mst.data_manager - DataManager.start source=H5ReplayDataSource
2026-04-02 15:22:38,237 [INFO] mst.data_manager - H5ReplayDataSource.start path=C:/Users/22954/OneDrive/桌面/experiment.h5 interval_ms=30
2026-04-02 15:22:38,237 [INFO] mst.data_manager - H5ReplayDataSource.stop active_timer=false
2026-04-02 15:22:38,237 [INFO] mst.data_manager - H5ReplayDataSource._build_samples path=C:/Users/22954/OneDrive/桌面/experiment.h5
2026-04-02 15:22:38,256 [INFO] mst.data_manager - H5ReplayDataSource samples built: t_points=114 channels=16 total_samples=4064
2026-04-02 15:22:38,307 [INFO] mst.data_manager - H5ReplayDataSource.tick tick=1 emitted=32 cursor=32/4064
2026-04-02 15:22:38,320 [INFO] mst.data_manager - H5ReplayDataSource.tick tick=2 emitted=32 cursor=64/4064
2026-04-02 15:22:38,394 [INFO] mst.data_manager - H5ReplayDataSource.tick tick=3 emitted=32 cursor=96/4064
2026-04-02 15:22:38,561 [INFO] mst.data_manager - H5ReplayDataSource.tick tick=4 emitted=32 cursor=128/4064
2026-04-02 15:22:38,831 [INFO] mst.data_manager - H5ReplayDataSource.tick tick=5 emitted=32 cursor=160/4064
2026-04-02 15:22:41,821 [INFO] mst.data_manager - H5ReplayDataSource.tick tick=20 emitted=32 cursor=640/4064
2026-04-02 15:22:45,904 [INFO] mst.data_manager - H5ReplayDataSource.tick tick=40 emitted=32 cursor=1280/4064
2026-04-02 15:22:49,835 [INFO] mst.data_manager - H5ReplayDataSource.tick tick=60 emitted=32 cursor=1920/4064
2026-04-02 15:22:53,955 [INFO] mst.data_manager - H5ReplayDataSource.tick tick=80 emitted=32 cursor=2560/4064
2026-04-02 15:22:58,315 [INFO] mst.data_manager - H5ReplayDataSource.tick tick=100 emitted=32 cursor=3200/4064
2026-04-02 15:23:02,594 [INFO] mst.data_manager - H5ReplayDataSource.tick tick=120 emitted=32 cursor=3840/4064
2026-04-02 15:23:04,359 [INFO] mst.data_manager - H5ReplayDataSource.replay_completed total=4064
2026-04-02 15:24:37,657 [INFO] mst.data_manager - DataManager.use_h5_replay path=C:\Users\22954\OneDrive\桌面\1.h5 interval_ms=30
2026-04-02 15:24:37,657 [INFO] mst.data_manager - DataManager.stop source=H5ReplayDataSource
2026-04-02 15:24:37,657 [INFO] mst.data_manager - H5ReplayDataSource.stop active_timer=false
2026-04-02 15:24:37,657 [INFO] mst.data_manager - DataManager._set_source source=H5ReplayDataSource
2026-04-02 15:24:37,660 [INFO] mst.data_manager - DataManager.start source=H5ReplayDataSource
2026-04-02 15:24:37,660 [INFO] mst.data_manager - H5ReplayDataSource.start path=C:\Users\22954\OneDrive\桌面\1.h5 interval_ms=30
2026-04-02 15:24:37,660 [INFO] mst.data_manager - H5ReplayDataSource.stop active_timer=false
2026-04-02 15:24:37,660 [INFO] mst.data_manager - H5ReplayDataSource._build_samples path=C:\Users\22954\OneDrive\桌面\1.h5
2026-04-02 15:24:37,665 [ERROR] mst.data_manager - H5ReplayDataSource build failed: empty run/t
2026-04-02 15:24:37,665 [ERROR] mst.data_manager - DataManager.start failed: 回放失败：h5 中没有 run/t 时间轴数据
Traceback (most recent call last):
  File "C:\Users\22954\OneDrive\桌面\SUAN\MST\mst\core\data_manager.py", line 302, in start
    self._source.start()
  File "C:\Users\22954\OneDrive\桌面\SUAN\MST\mst\core\data_manager.py", line 209, in start
    self._build_samples()
  File "C:\Users\22954\OneDrive\桌面\SUAN\MST\mst\core\data_manager.py", line 126, in _build_samples
    raise ValueError("回放失败：h5 中没有 run/t 时间轴数据")
ValueError: 回放失败：h5 中没有 run/t 时间轴数据
2026-04-02 15:50:05,627 [INFO] mst.data_manager - DataManager.use_h5_replay path=C:/Users/22954/OneDrive/桌面/experiment.h5 interval_ms=30
2026-04-02 15:50:05,628 [INFO] mst.data_manager - DataManager.stop source=H5ReplayDataSource
2026-04-02 15:50:05,629 [INFO] mst.data_manager - H5ReplayDataSource.stop active_timer=false
2026-04-02 15:50:05,629 [INFO] mst.data_manager - DataManager._set_source source=H5ReplayDataSource
2026-04-02 15:50:05,629 [INFO] mst.data_manager - DataManager.start source=H5ReplayDataSource
2026-04-02 15:50:05,629 [INFO] mst.data_manager - H5ReplayDataSource.start path=C:/Users/22954/OneDrive/桌面/experiment.h5 interval_ms=30
2026-04-02 15:50:05,629 [INFO] mst.data_manager - H5ReplayDataSource.stop active_timer=false
2026-04-02 15:50:05,630 [INFO] mst.data_manager - H5ReplayDataSource._build_samples path=C:/Users/22954/OneDrive/桌面/experiment.h5
2026-04-02 15:50:05,654 [INFO] mst.data_manager - H5ReplayDataSource samples built: t_points=114 channels=16 total_samples=4064
2026-04-02 15:50:05,782 [INFO] mst.data_manager - H5ReplayDataSource.tick tick=1 emitted=32 cursor=32/4064
2026-04-02 15:50:06,347 [INFO] mst.data_manager - H5ReplayDataSource.tick tick=2 emitted=32 cursor=64/4064
2026-04-02 15:50:06,802 [INFO] mst.data_manager - H5ReplayDataSource.tick tick=3 emitted=32 cursor=96/4064
2026-04-02 15:50:07,123 [INFO] mst.data_manager - H5ReplayDataSource.tick tick=4 emitted=32 cursor=128/4064
2026-04-02 15:50:07,487 [INFO] mst.data_manager - H5ReplayDataSource.tick tick=5 emitted=32 cursor=160/4064
2026-04-02 15:50:13,933 [INFO] mst.data_manager - H5ReplayDataSource.tick tick=20 emitted=32 cursor=640/4064
2026-04-02 15:50:21,914 [INFO] mst.data_manager - H5ReplayDataSource.tick tick=40 emitted=32 cursor=1280/4064
2026-04-02 15:50:31,176 [INFO] mst.data_manager - H5ReplayDataSource.tick tick=60 emitted=32 cursor=1920/4064
2026-04-02 15:50:40,471 [INFO] mst.data_manager - H5ReplayDataSource.tick tick=80 emitted=32 cursor=2560/4064
2026-04-02 15:50:50,386 [INFO] mst.data_manager - H5ReplayDataSource.tick tick=100 emitted=32 cursor=3200/4064
2026-04-02 15:50:56,347 [INFO] mst.data_manager - DataManager.use_h5_replay path=C:/Users/22954/OneDrive/桌面/experiment.h5 interval_ms=30
2026-04-02 15:50:56,347 [INFO] mst.data_manager - DataManager.stop source=H5ReplayDataSource
2026-04-02 15:50:56,347 [INFO] mst.data_manager - H5ReplayDataSource.stop active_timer=true cursor=3552
2026-04-02 15:50:56,347 [INFO] mst.data_manager - DataManager._set_source source=H5ReplayDataSource
2026-04-02 15:50:56,347 [INFO] mst.data_manager - DataManager.start source=H5ReplayDataSource
2026-04-02 15:50:56,347 [INFO] mst.data_manager - H5ReplayDataSource.start path=C:/Users/22954/OneDrive/桌面/experiment.h5 interval_ms=30
2026-04-02 15:50:56,347 [INFO] mst.data_manager - H5ReplayDataSource.stop active_timer=false
2026-04-02 15:50:56,347 [INFO] mst.data_manager - H5ReplayDataSource._build_samples path=C:/Users/22954/OneDrive/桌面/experiment.h5
2026-04-02 15:50:56,372 [INFO] mst.data_manager - H5ReplayDataSource samples built: t_points=38 channels=16 total_samples=2848
2026-04-02 15:50:56,489 [INFO] mst.data_manager - H5ReplayDataSource.tick tick=1 emitted=32 cursor=32/2848
2026-04-02 15:50:56,894 [INFO] mst.data_manager - H5ReplayDataSource.tick tick=2 emitted=32 cursor=64/2848
2026-04-02 15:50:57,266 [INFO] mst.data_manager - H5ReplayDataSource.tick tick=3 emitted=32 cursor=96/2848
2026-04-02 15:50:57,638 [INFO] mst.data_manager - H5ReplayDataSource.tick tick=4 emitted=32 cursor=128/2848
2026-04-02 15:50:57,958 [INFO] mst.data_manager - H5ReplayDataSource.tick tick=5 emitted=32 cursor=160/2848
2026-04-02 15:51:03,769 [INFO] mst.data_manager - H5ReplayDataSource.tick tick=20 emitted=32 cursor=640/2848
2026-04-02 15:51:10,736 [INFO] mst.data_manager - H5ReplayDataSource.tick tick=40 emitted=32 cursor=1280/2848
2026-04-02 15:51:14,845 [INFO] mst.data_manager - H5ReplayDataSource.tick tick=60 emitted=32 cursor=1920/2848
2026-04-02 15:51:19,060 [INFO] mst.data_manager - H5ReplayDataSource.tick tick=80 emitted=32 cursor=2560/2848
2026-04-02 15:51:21,176 [INFO] mst.data_manager - H5ReplayDataSource.replay_completed total=2848
2026-04-03 16:10:31,920 [INFO] mst.data_manager - logger initialized, file=C:\Users\22954\OneDrive\桌面\SUAN\MST-Project\data_manager.log
2026-04-03 16:11:11,197 [INFO] mst.data_manager - DataManager.list_serial_ports ports=['COM3', 'COM6', 'COM5']
2026-04-03 16:11:11,390 [INFO] mst.data_manager - DataManager.use_h5_replay path=C:/Users/22954/OneDrive/桌面/experiment.h5 interval_ms=30
2026-04-03 16:11:11,390 [INFO] mst.data_manager - DataManager._set_source source=H5ReplayDataSource
2026-04-03 16:11:11,390 [INFO] mst.data_manager - DataManager.start source=H5ReplayDataSource
2026-04-03 16:11:11,390 [INFO] mst.data_manager - H5ReplayDataSource.start path=C:/Users/22954/OneDrive/桌面/experiment.h5 interval_ms=30
2026-04-03 16:11:11,390 [INFO] mst.data_manager - H5ReplayDataSource.stop active_timer=false
2026-04-03 16:11:11,390 [INFO] mst.data_manager - H5ReplayDataSource._build_samples path=C:/Users/22954/OneDrive/桌面/experiment.h5
2026-04-03 16:11:11,395 [INFO] mst.data_manager - H5ReplayDataSource samples built: t_points=38 channels=16 total_samples=2848
2026-04-03 16:11:11,733 [INFO] mst.data_manager - H5ReplayDataSource.tick tick=1 emitted=32 cursor=32/2848
2026-04-03 16:11:11,963 [INFO] mst.data_manager - H5ReplayDataSource.tick tick=2 emitted=32 cursor=64/2848
2026-04-03 16:11:12,135 [INFO] mst.data_manager - H5ReplayDataSource.tick tick=3 emitted=32 cursor=96/2848
2026-04-03 16:11:12,342 [INFO] mst.data_manager - H5ReplayDataSource.tick tick=4 emitted=32 cursor=128/2848
2026-04-03 16:11:12,801 [INFO] mst.data_manager - H5ReplayDataSource.tick tick=5 emitted=32 cursor=160/2848
2026-04-03 16:11:16,560 [INFO] mst.data_manager - H5ReplayDataSource.tick tick=20 emitted=32 cursor=640/2848
2026-04-03 16:11:20,014 [INFO] mst.data_manager - H5ReplayDataSource.tick tick=40 emitted=32 cursor=1280/2848
2026-04-03 16:11:23,591 [INFO] mst.data_manager - H5ReplayDataSource.tick tick=60 emitted=32 cursor=1920/2848
2026-04-03 16:11:27,189 [INFO] mst.data_manager - H5ReplayDataSource.tick tick=80 emitted=32 cursor=2560/2848
2026-04-03 16:11:28,934 [INFO] mst.data_manager - H5ReplayDataSource.replay_completed total=2848
2026-04-03 16:15:42,684 [INFO] mst.data_manager - DataManager.use_realtime_serial port=COM3 baudrate=115200
2026-04-03 16:15:42,684 [INFO] mst.data_manager - DataManager.stop source=H5ReplayDataSource
2026-04-03 16:15:42,684 [INFO] mst.data_manager - H5ReplayDataSource.stop active_timer=false
2026-04-03 16:15:42,684 [INFO] mst.data_manager - DataManager._set_source source=SerialRealtimeDataSource
2026-04-03 16:15:42,684 [INFO] mst.data_manager - DataManager.start source=SerialRealtimeDataSource
2026-04-03 16:15:42,684 [INFO] mst.data_manager - SerialRealtimeDataSource.start port=COM3 baudrate=115200
2026-04-03 16:15:42,684 [INFO] mst.data_manager - SerialRealtimeDataSource.stop ignored: no worker
2026-04-03 16:16:06,820 [INFO] mst.data_manager - DataManager.stop source=SerialRealtimeDataSource
2026-04-03 16:16:06,820 [INFO] mst.data_manager - SerialRealtimeDataSource.stop
2026-04-03 16:16:06,891 [INFO] mst.data_manager - SerialRealtimeDataSource.finished
2026-04-03 16:16:15,892 [INFO] mst.data_manager - DataManager.use_h5_replay path=C:/Users/22954/OneDrive/桌面/experiment.h5 interval_ms=30
2026-04-03 16:16:15,892 [INFO] mst.data_manager - DataManager.stop source=SerialRealtimeDataSource
2026-04-03 16:16:15,892 [INFO] mst.data_manager - SerialRealtimeDataSource.stop ignored: no worker
2026-04-03 16:16:15,892 [INFO] mst.data_manager - DataManager._set_source source=H5ReplayDataSource
2026-04-03 16:16:15,892 [INFO] mst.data_manager - DataManager.start source=H5ReplayDataSource
2026-04-03 16:16:15,892 [INFO] mst.data_manager - H5ReplayDataSource.start path=C:/Users/22954/OneDrive/桌面/experiment.h5 interval_ms=30
2026-04-03 16:16:15,892 [INFO] mst.data_manager - H5ReplayDataSource.stop active_timer=false
2026-04-03 16:16:15,892 [INFO] mst.data_manager - H5ReplayDataSource._build_samples path=C:/Users/22954/OneDrive/桌面/experiment.h5
2026-04-03 16:16:15,892 [ERROR] mst.data_manager - H5ReplayDataSource build failed: empty run/t
2026-04-03 16:16:15,892 [ERROR] mst.data_manager - DataManager.start failed: 回放失败：h5 中没有 run/t 时间轴数据
Traceback (most recent call last):
  File "C:\Users\22954\OneDrive\桌面\SUAN\MST-Project\mst\core\data_manager.py", line 302, in start
    self._source.start()
  File "C:\Users\22954\OneDrive\桌面\SUAN\MST-Project\mst\core\data_manager.py", line 209, in start
    self._build_samples()
  File "C:\Users\22954\OneDrive\桌面\SUAN\MST-Project\mst\core\data_manager.py", line 126, in _build_samples
    raise ValueError("回放失败：h5 中没有 run/t 时间轴数据")
ValueError: 回放失败：h5 中没有 run/t 时间轴数据
2026-04-03 16:16:31,084 [INFO] mst.data_manager - DataManager.stop source=H5ReplayDataSource
2026-04-03 16:16:31,084 [INFO] mst.data_manager - H5ReplayDataSource.stop active_timer=false
2026-04-03 16:16:31,673 [INFO] mst.data_manager - DataManager.use_realtime_serial port=COM3 baudrate=115200
2026-04-03 16:16:31,673 [INFO] mst.data_manager - DataManager.stop source=H5ReplayDataSource
2026-04-03 16:16:31,673 [INFO] mst.data_manager - H5ReplayDataSource.stop active_timer=false
2026-04-03 16:16:31,673 [INFO] mst.data_manager - DataManager._set_source source=SerialRealtimeDataSource
2026-04-03 16:16:31,673 [INFO] mst.data_manager - DataManager.start source=SerialRealtimeDataSource
2026-04-03 16:16:31,673 [INFO] mst.data_manager - SerialRealtimeDataSource.start port=COM3 baudrate=115200
2026-04-03 16:16:31,673 [INFO] mst.data_manager - SerialRealtimeDataSource.stop ignored: no worker
2026-04-03 16:16:36,856 [INFO] mst.data_manager - DataManager.stop source=SerialRealtimeDataSource
2026-04-03 16:16:36,856 [INFO] mst.data_manager - SerialRealtimeDataSource.stop
2026-04-03 16:16:36,919 [INFO] mst.data_manager - SerialRealtimeDataSource.finished
2026-04-03 16:16:42,658 [INFO] mst.data_manager - DataManager.use_h5_replay path=C:\Users\22954\OneDrive\桌面\1.h5 interval_ms=30
2026-04-03 16:16:42,659 [INFO] mst.data_manager - DataManager.stop source=SerialRealtimeDataSource
2026-04-03 16:16:42,659 [INFO] mst.data_manager - SerialRealtimeDataSource.stop ignored: no worker
2026-04-03 16:16:42,659 [INFO] mst.data_manager - DataManager._set_source source=H5ReplayDataSource
2026-04-03 16:16:42,659 [INFO] mst.data_manager - DataManager.start source=H5ReplayDataSource
2026-04-03 16:16:42,659 [INFO] mst.data_manager - H5ReplayDataSource.start path=C:\Users\22954\OneDrive\桌面\1.h5 interval_ms=30
2026-04-03 16:16:42,659 [INFO] mst.data_manager - H5ReplayDataSource.stop active_timer=false
2026-04-03 16:16:42,659 [INFO] mst.data_manager - H5ReplayDataSource._build_samples path=C:\Users\22954\OneDrive\桌面\1.h5
2026-04-03 16:16:42,663 [ERROR] mst.data_manager - H5ReplayDataSource build failed: empty run/t
2026-04-03 16:16:42,663 [ERROR] mst.data_manager - DataManager.start failed: 回放失败：h5 中没有 run/t 时间轴数据
Traceback (most recent call last):
  File "C:\Users\22954\OneDrive\桌面\SUAN\MST-Project\mst\core\data_manager.py", line 302, in start
    self._source.start()
  File "C:\Users\22954\OneDrive\桌面\SUAN\MST-Project\mst\core\data_manager.py", line 209, in start
    self._build_samples()
  File "C:\Users\22954\OneDrive\桌面\SUAN\MST-Project\mst\core\data_manager.py", line 126, in _build_samples
    raise ValueError("回放失败：h5 中没有 run/t 时间轴数据")
ValueError: 回放失败：h5 中没有 run/t 时间轴数据
2026-04-03 16:25:58,761 [INFO] mst.data_manager - DataManager.stop source=H5ReplayDataSource
2026-04-03 16:25:58,761 [INFO] mst.data_manager - H5ReplayDataSource.stop active_timer=false
2026-04-03 16:25:59,455 [INFO] mst.data_manager - DataManager.use_realtime_serial port=COM3 baudrate=115200
2026-04-03 16:25:59,458 [INFO] mst.data_manager - DataManager.stop source=H5ReplayDataSource
2026-04-03 16:25:59,458 [INFO] mst.data_manager - H5ReplayDataSource.stop active_timer=false
2026-04-03 16:25:59,458 [INFO] mst.data_manager - DataManager._set_source source=SerialRealtimeDataSource
2026-04-03 16:25:59,458 [INFO] mst.data_manager - DataManager.start source=SerialRealtimeDataSource
2026-04-03 16:25:59,458 [INFO] mst.data_manager - SerialRealtimeDataSource.start port=COM3 baudrate=115200
2026-04-03 16:25:59,458 [INFO] mst.data_manager - SerialRealtimeDataSource.stop ignored: no worker
2026-04-03 16:29:52,843 [INFO] mst.data_manager - DataManager.pause source=SerialRealtimeDataSource
2026-04-03 16:29:52,843 [INFO] mst.data_manager - SerialRealtimeDataSource.pause
2026-04-03 16:29:58,556 [INFO] mst.data_manager - DataManager.stop source=SerialRealtimeDataSource
2026-04-03 16:29:58,556 [INFO] mst.data_manager - SerialRealtimeDataSource.stop
2026-04-03 16:29:58,580 [INFO] mst.data_manager - SerialRealtimeDataSource.finished
2026-04-03 16:30:13,240 [INFO] mst.data_manager - DataManager.use_h5_replay path=C:\Users\22954\OneDrive\桌面\1.h5 interval_ms=30
2026-04-03 16:30:13,240 [INFO] mst.data_manager - DataManager.stop source=SerialRealtimeDataSource
2026-04-03 16:30:13,240 [INFO] mst.data_manager - SerialRealtimeDataSource.stop ignored: no worker
2026-04-03 16:30:13,240 [INFO] mst.data_manager - DataManager._set_source source=H5ReplayDataSource
2026-04-03 16:30:13,240 [INFO] mst.data_manager - DataManager.start source=H5ReplayDataSource
2026-04-03 16:30:13,240 [INFO] mst.data_manager - H5ReplayDataSource.start path=C:\Users\22954\OneDrive\桌面\1.h5 interval_ms=30
2026-04-03 16:30:13,240 [INFO] mst.data_manager - H5ReplayDataSource.stop active_timer=false
2026-04-03 16:30:13,240 [INFO] mst.data_manager - H5ReplayDataSource._build_samples path=C:\Users\22954\OneDrive\桌面\1.h5
2026-04-03 16:30:13,261 [INFO] mst.data_manager - H5ReplayDataSource samples built: t_points=297 channels=16 total_samples=6981
2026-04-03 16:30:13,291 [INFO] mst.data_manager - H5ReplayDataSource.tick tick=1 emitted=32 cursor=32/6981
2026-04-03 16:30:13,332 [INFO] mst.data_manager - H5ReplayDataSource.tick tick=2 emitted=32 cursor=64/6981
2026-04-03 16:30:13,403 [INFO] mst.data_manager - H5ReplayDataSource.tick tick=3 emitted=32 cursor=96/6981
2026-04-03 16:30:13,541 [INFO] mst.data_manager - H5ReplayDataSource.tick tick=4 emitted=32 cursor=128/6981
2026-04-03 16:30:13,718 [INFO] mst.data_manager - H5ReplayDataSource.tick tick=5 emitted=32 cursor=160/6981
2026-04-03 16:30:16,342 [INFO] mst.data_manager - H5ReplayDataSource.tick tick=20 emitted=32 cursor=640/6981
2026-04-03 16:30:19,883 [INFO] mst.data_manager - H5ReplayDataSource.tick tick=40 emitted=32 cursor=1280/6981
2026-04-03 16:30:23,361 [INFO] mst.data_manager - H5ReplayDataSource.tick tick=60 emitted=32 cursor=1920/6981
2026-04-03 16:30:26,841 [INFO] mst.data_manager - H5ReplayDataSource.tick tick=80 emitted=32 cursor=2560/6981
2026-04-03 16:30:30,352 [INFO] mst.data_manager - H5ReplayDataSource.tick tick=100 emitted=32 cursor=3200/6981
2026-04-03 16:30:33,881 [INFO] mst.data_manager - H5ReplayDataSource.tick tick=120 emitted=32 cursor=3840/6981
2026-04-03 16:30:34,912 [INFO] mst.data_manager - DataManager.stop source=H5ReplayDataSource
2026-04-03 16:30:34,912 [INFO] mst.data_manager - H5ReplayDataSource.stop active_timer=true cursor=4000
2026-04-03 16:38:19,845 [INFO] mst.data_manager - DataManager.use_h5_replay path=C:\Users\22954\OneDrive\桌面\1.h5 interval_ms=30
2026-04-03 16:38:19,845 [INFO] mst.data_manager - DataManager.stop source=H5ReplayDataSource
2026-04-03 16:38:19,845 [INFO] mst.data_manager - H5ReplayDataSource.stop active_timer=false
2026-04-03 16:38:19,845 [INFO] mst.data_manager - DataManager._set_source source=H5ReplayDataSource
2026-04-03 16:38:19,845 [INFO] mst.data_manager - DataManager.start source=H5ReplayDataSource
2026-04-03 16:38:19,845 [INFO] mst.data_manager - H5ReplayDataSource.start path=C:\Users\22954\OneDrive\桌面\1.h5 interval_ms=30
2026-04-03 16:38:19,845 [INFO] mst.data_manager - H5ReplayDataSource.stop active_timer=false
2026-04-03 16:38:19,845 [INFO] mst.data_manager - H5ReplayDataSource._build_samples path=C:\Users\22954\OneDrive\桌面\1.h5
2026-04-03 16:38:19,857 [INFO] mst.data_manager - H5ReplayDataSource samples built: t_points=110 channels=16 total_samples=4000
2026-04-03 16:38:19,881 [INFO] mst.data_manager - H5ReplayDataSource.tick tick=1 emitted=32 cursor=32/4000
2026-04-03 16:38:19,912 [INFO] mst.data_manager - H5ReplayDataSource.tick tick=2 emitted=32 cursor=64/4000
2026-04-03 16:38:19,978 [INFO] mst.data_manager - H5ReplayDataSource.tick tick=3 emitted=32 cursor=96/4000
2026-04-03 16:38:20,126 [INFO] mst.data_manager - H5ReplayDataSource.tick tick=4 emitted=32 cursor=128/4000
2026-04-03 16:38:20,297 [INFO] mst.data_manager - H5ReplayDataSource.tick tick=5 emitted=32 cursor=160/4000
2026-04-03 16:38:23,218 [INFO] mst.data_manager - H5ReplayDataSource.tick tick=20 emitted=32 cursor=640/4000
2026-04-03 16:38:27,043 [INFO] mst.data_manager - H5ReplayDataSource.tick tick=40 emitted=32 cursor=1280/4000
2026-04-03 16:38:30,789 [INFO] mst.data_manager - H5ReplayDataSource.tick tick=60 emitted=32 cursor=1920/4000
2026-04-03 16:38:34,492 [INFO] mst.data_manager - H5ReplayDataSource.tick tick=80 emitted=32 cursor=2560/4000
2026-04-03 16:38:38,305 [INFO] mst.data_manager - H5ReplayDataSource.tick tick=100 emitted=32 cursor=3200/4000
2026-04-03 16:38:42,078 [INFO] mst.data_manager - H5ReplayDataSource.tick tick=120 emitted=32 cursor=3840/4000
2026-04-03 16:38:43,221 [INFO] mst.data_manager - H5ReplayDataSource.replay_completed total=4000
2026-04-07 09:23:35,561 [INFO] mst.data_manager - DataManager.use_h5_replay path=C:\Users\22954\OneDrive\桌面\1.h5 interval_ms=30
2026-04-07 09:23:35,564 [INFO] mst.data_manager - DataManager.stop source=H5ReplayDataSource
2026-04-07 09:23:35,565 [INFO] mst.data_manager - H5ReplayDataSource.stop active_timer=false
2026-04-07 09:23:35,566 [INFO] mst.data_manager - DataManager._set_source source=H5ReplayDataSource
2026-04-07 09:23:35,567 [INFO] mst.data_manager - DataManager.start source=H5ReplayDataSource
2026-04-07 09:23:35,567 [INFO] mst.data_manager - H5ReplayDataSource.start path=C:\Users\22954\OneDrive\桌面\1.h5 interval_ms=30
2026-04-07 09:23:35,567 [INFO] mst.data_manager - H5ReplayDataSource.stop active_timer=false
2026-04-07 09:23:35,567 [INFO] mst.data_manager - H5ReplayDataSource._build_samples path=C:\Users\22954\OneDrive\桌面\1.h5
2026-04-07 09:23:35,586 [INFO] mst.data_manager - H5ReplayDataSource samples built: t_points=110 channels=16 total_samples=4000
2026-04-07 09:23:35,624 [INFO] mst.data_manager - H5ReplayDataSource.tick tick=1 emitted=32 cursor=32/4000
2026-04-07 09:23:35,655 [INFO] mst.data_manager - H5ReplayDataSource.tick tick=2 emitted=32 cursor=64/4000
2026-04-07 09:23:35,813 [INFO] mst.data_manager - H5ReplayDataSource.tick tick=3 emitted=32 cursor=96/4000
2026-04-07 09:23:35,995 [INFO] mst.data_manager - H5ReplayDataSource.tick tick=4 emitted=32 cursor=128/4000
2026-04-07 09:23:36,192 [INFO] mst.data_manager - H5ReplayDataSource.tick tick=5 emitted=32 cursor=160/4000
2026-04-07 09:23:38,864 [INFO] mst.data_manager - H5ReplayDataSource.tick tick=20 emitted=32 cursor=640/4000
2026-04-07 09:23:42,215 [INFO] mst.data_manager - H5ReplayDataSource.tick tick=40 emitted=32 cursor=1280/4000
2026-04-07 09:23:45,744 [INFO] mst.data_manager - H5ReplayDataSource.tick tick=60 emitted=32 cursor=1920/4000
2026-04-07 09:23:49,250 [INFO] mst.data_manager - H5ReplayDataSource.tick tick=80 emitted=32 cursor=2560/4000
2026-04-07 09:23:52,798 [INFO] mst.data_manager - H5ReplayDataSource.tick tick=100 emitted=32 cursor=3200/4000
2026-04-07 09:23:56,249 [INFO] mst.data_manager - H5ReplayDataSource.tick tick=120 emitted=32 cursor=3840/4000
2026-04-07 09:23:57,288 [INFO] mst.data_manager - H5ReplayDataSource.replay_completed total=4000
2026-04-07 09:25:31,399 [INFO] mst.data_manager - DataManager.use_realtime_serial port=COM3 baudrate=115200
2026-04-07 09:25:31,399 [INFO] mst.data_manager - DataManager.stop source=H5ReplayDataSource
2026-04-07 09:25:31,399 [INFO] mst.data_manager - H5ReplayDataSource.stop active_timer=false
2026-04-07 09:25:31,399 [INFO] mst.data_manager - DataManager._set_source source=SerialRealtimeDataSource
2026-04-07 09:25:31,399 [INFO] mst.data_manager - DataManager.start source=SerialRealtimeDataSource
2026-04-07 09:25:31,399 [INFO] mst.data_manager - SerialRealtimeDataSource.start port=COM3 baudrate=115200
2026-04-07 09:25:31,399 [INFO] mst.data_manager - SerialRealtimeDataSource.stop ignored: no worker
2026-04-07 09:25:31,421 [INFO] mst.data_manager - SerialRealtimeDataSource.finished
2026-04-07 09:25:52,225 [INFO] mst.data_manager - DataManager.use_h5_replay path=C:\Users\22954\OneDrive\桌面\1.h5 interval_ms=30
2026-04-07 09:25:52,225 [INFO] mst.data_manager - DataManager.stop source=SerialRealtimeDataSource
2026-04-07 09:25:52,225 [INFO] mst.data_manager - SerialRealtimeDataSource.stop ignored: no worker
2026-04-07 09:25:52,225 [INFO] mst.data_manager - DataManager._set_source source=H5ReplayDataSource
2026-04-07 09:25:52,225 [INFO] mst.data_manager - DataManager.start source=H5ReplayDataSource
2026-04-07 09:25:52,225 [INFO] mst.data_manager - H5ReplayDataSource.start path=C:\Users\22954\OneDrive\桌面\1.h5 interval_ms=30
2026-04-07 09:25:52,225 [INFO] mst.data_manager - H5ReplayDataSource.stop active_timer=false
2026-04-07 09:25:52,225 [INFO] mst.data_manager - H5ReplayDataSource._build_samples path=C:\Users\22954\OneDrive\桌面\1.h5
2026-04-07 09:25:52,237 [INFO] mst.data_manager - H5ReplayDataSource samples built: t_points=110 channels=16 total_samples=4000
2026-04-07 09:25:52,264 [INFO] mst.data_manager - H5ReplayDataSource.tick tick=1 emitted=32 cursor=32/4000
2026-04-07 09:25:52,294 [INFO] mst.data_manager - H5ReplayDataSource.tick tick=2 emitted=32 cursor=64/4000
2026-04-07 09:25:52,356 [INFO] mst.data_manager - H5ReplayDataSource.tick tick=3 emitted=32 cursor=96/4000
2026-04-07 09:25:52,495 [INFO] mst.data_manager - H5ReplayDataSource.tick tick=4 emitted=32 cursor=128/4000
2026-04-07 09:25:52,662 [INFO] mst.data_manager - H5ReplayDataSource.tick tick=5 emitted=32 cursor=160/4000
2026-04-07 09:25:55,409 [INFO] mst.data_manager - H5ReplayDataSource.tick tick=20 emitted=32 cursor=640/4000
2026-04-07 09:25:59,795 [INFO] mst.data_manager - H5ReplayDataSource.tick tick=40 emitted=32 cursor=1280/4000
2026-04-07 09:26:04,136 [INFO] mst.data_manager - H5ReplayDataSource.tick tick=60 emitted=32 cursor=1920/4000
2026-04-07 09:26:11,059 [INFO] mst.data_manager - H5ReplayDataSource.tick tick=80 emitted=32 cursor=2560/4000
2026-04-07 09:26:14,585 [INFO] mst.data_manager - H5ReplayDataSource.tick tick=100 emitted=32 cursor=3200/4000
2026-04-07 09:26:18,155 [INFO] mst.data_manager - H5ReplayDataSource.tick tick=120 emitted=32 cursor=3840/4000
2026-04-07 09:26:19,186 [INFO] mst.data_manager - H5ReplayDataSource.replay_completed total=4000
2026-04-08 11:56:19,498 [INFO] mst.data_manager - logger initialized, file=C:\Users\22954\OneDrive\桌面\SUAN\MST-Project\data_manager.log
2026-04-08 11:58:07,219 [INFO] mst.data_manager - DataManager.list_serial_ports ports=['COM6', 'COM5']
2026-04-08 11:58:07,638 [INFO] mst.data_manager - DataManager.bind_experiment id=2db8c5fdf62d42738f6b1e2b4259aed6 dir=C:\Users\22954\OneDrive\桌面\d14cfe0837e04338aa4ba6a4fdb51839 h5=C:\Users\22954\OneDrive\桌面\d14cfe0837e04338aa4ba6a4fdb51839\experiment.h5
2026-04-08 11:58:32,851 [INFO] mst.data_manager - DataManager.use_realtime_serial port=COM6 baudrate=115200
2026-04-08 11:58:32,853 [INFO] mst.data_manager - DataManager._set_source source=SerialRealtimeDataSource
2026-04-08 11:58:32,853 [INFO] mst.data_manager - DataManager.start source=SerialRealtimeDataSource
2026-04-08 11:58:32,854 [INFO] mst.data_manager - SerialRealtimeDataSource.start port=COM6 baudrate=115200
2026-04-08 11:58:32,854 [INFO] mst.data_manager - SerialRealtimeDataSource.stop ignored: no worker
2026-04-08 11:58:37,537 [INFO] mst.data_manager - DataManager.stop source=SerialRealtimeDataSource
2026-04-08 11:58:37,537 [INFO] mst.data_manager - SerialRealtimeDataSource.stop
2026-04-08 11:58:44,013 [INFO] mst.data_manager - DataManager.stop source=SerialRealtimeDataSource
2026-04-08 11:58:44,014 [INFO] mst.data_manager - SerialRealtimeDataSource.stop ignored: no worker
2026-04-08 11:58:44,014 [INFO] mst.data_manager - DataManager.bind_experiment id=12dd89ad0f664125b9ac25e2aec601d8 dir=C:\Users\22954\OneDrive\桌面\bf8052b9442a432881633ea5e9a82237 h5=C:\Users\22954\OneDrive\桌面\bf8052b9442a432881633ea5e9a82237\experiment.h5
2026-04-08 11:58:46,758 [INFO] mst.data_manager - DataManager.bind_experiment id=3a027f81e56546de9864a4a7e6cce89c dir=C:\Users\22954\OneDrive\桌面\7f2105a7a80241aa8a0010891a89d9ff h5=C:\Users\22954\OneDrive\桌面\7f2105a7a80241aa8a0010891a89d9ff\experiment.h5
2026-04-08 12:37:40,672 [INFO] mst.data_manager - DataManager.bind_experiment id=14e07c2c9d984430943f29d165ba72c4 dir=C:\Users\22954\OneDrive\桌面\7f2105a7a80241aa8a0010891a89d9ff h5=C:\Users\22954\OneDrive\桌面\7f2105a7a80241aa8a0010891a89d9ff\experiment.h5
2026-04-08 12:37:45,341 [INFO] mst.data_manager - DataManager.bind_experiment id=59c891b5c7804e088e50afddb4fba524 dir=C:\Users\22954\OneDrive\桌面\0717964a38584fabbcc9adc94cb4735c h5=C:\Users\22954\OneDrive\桌面\0717964a38584fabbcc9adc94cb4735c\experiment.h5
2026-04-08 12:37:47,618 [INFO] mst.data_manager - DataManager.bind_experiment id=a0d4157ac6b94a42bcdfd19f7a3d6e54 dir=C:\Users\22954\OneDrive\桌面\be324e93ba1c45479a9f8c999bff71f0 h5=C:\Users\22954\OneDrive\桌面\be324e93ba1c45479a9f8c999bff71f0\experiment.h5
2026-04-08 12:37:52,620 [INFO] mst.data_manager - DataManager.bind_experiment id=c572fe8550b54e4486035a139fd67b0b dir=C:\Users\22954\OneDrive\桌面\28eb713241e941ef918b31a8c6f2a3f6 h5=C:\Users\22954\OneDrive\桌面\28eb713241e941ef918b31a8c6f2a3f6\experiment.h5
2026-04-08 12:38:05,247 [INFO] mst.data_manager - DataManager.bind_experiment id=57a4161c2df74adeb104b4439ec87969 dir=C:\Users\22954\OneDrive\桌面\93891a5e86f346869b095be7648c5c44 h5=C:\Users\22954\OneDrive\桌面\93891a5e86f346869b095be7648c5c44\experiment.h5
2026-04-08 12:38:11,443 [INFO] mst.data_manager - DataManager.bind_experiment id=5d1f459ad90647bd905c39e4c773ed31 dir=C:\Users\22954\OneDrive\桌面\93891a5e86f346869b095be7648c5c44 h5=C:\Users\22954\OneDrive\桌面\93891a5e86f346869b095be7648c5c44\experiment.h5
2026-04-08 12:38:26,007 [INFO] mst.data_manager - DataManager.bind_experiment id=612bd73176be483c852b780abf34c5b7 dir=C:\Users\22954\OneDrive\桌面\ee478327a5264b6eaa54777cbd6c77d2 h5=C:\Users\22954\OneDrive\桌面\ee478327a5264b6eaa54777cbd6c77d2\experiment.h5
2026-04-08 12:38:36,906 [INFO] mst.data_manager - DataManager.bind_experiment id=4b354b90cfbe4a71b69f9de3a2966948 dir=C:\Users\22954\OneDrive\桌面\bb288995079a49e2be5301aae04d384d h5=C:\Users\22954\OneDrive\桌面\bb288995079a49e2be5301aae04d384d\experiment.h5
